<?xml version="1.0" encoding="UTF-8"?>
<testsuite name="com.gymrat.controller.MemberControllerTest" tests="5" skipped="0" failures="0" errors="0" timestamp="2026-04-03T19:59:49" hostname="LAPTOP-F0MSNGE8" time="0.404">
  <properties/>
  <testcase name="adminGetById_memberWithNoPaymentData_stillReturnsOk()" classname="com.gymrat.controller.MemberControllerTest" time="0.333"/>
  <testcase name="adminGetById_returnsContactFields()" classname="com.gymrat.controller.MemberControllerTest" time="0.012"/>
  <testcase name="memberGetAnotherMembersProfile_returns403()" classname="com.gymrat.controller.MemberControllerTest" time="0.014"/>
  <testcase name="adminGetById_returnsPaymentFields()" classname="com.gymrat.controller.MemberControllerTest" time="0.011"/>
  <testcase name="memberGetOwnProfile_returnsOk()" classname="com.gymrat.controller.MemberControllerTest" time="0.016"/>
  <system-out><![CDATA[15:59:44.595 [Test worker] INFO org.springframework.test.context.support.AnnotationConfigContextLoaderUtils -- Could not detect default configuration classes for test class [com.gymrat.controller.MemberControllerTest]: MemberControllerTest does not declare any static, non-private, non-final, nested classes annotated with @Configuration.
15:59:44.903 [Test worker] INFO org.springframework.boot.test.context.SpringBootTestContextBootstrapper -- Found @SpringBootConfiguration com.gymrat.GymRatApplication for test class com.gymrat.controller.MemberControllerTest

  .   ____          _            __ _ _
 /\\ / ___'_ __ _ _(_)_ __  __ _ \ \ \ \
( ( )\___ | '_ | '_| | '_ \/ _` | \ \ \ \
 \\/  ___)| |_)| | | | | || (_| |  ) ) ) )
  '  |____| .__|_| |_|_| |_\__, | / / / /
 =========|_|==============|___/=/_/_/_/
 :: Spring Boot ::                (v3.2.3)

2026-04-03T15:59:45.684-04:00  INFO 26919 --- [    Test worker] c.g.controller.MemberControllerTest      : Starting MemberControllerTest using Java 17.0.18 with PID 26919 (started by aislynnmc in /home/aislynnmc/dev/projects/gym-rat-management/backend)
2026-04-03T15:59:45.687-04:00  INFO 26919 --- [    Test worker] c.g.controller.MemberControllerTest      : No active profile set, falling back to 1 default profile: "default"
2026-04-03T15:59:49.233-04:00  WARN 26919 --- [    Test worker] .s.s.UserDetailsServiceAutoConfiguration : 

Using generated security password: ae1c2d20-e6ab-4ec5-99a6-dc491ec7c5ef

This generated password is for development use only. Your security configuration must be updated before running your application in production.

2026-04-03T15:59:49.552-04:00  INFO 26919 --- [    Test worker] o.s.s.web.DefaultSecurityFilterChain     : Will secure any request with [org.springframework.security.web.session.DisableEncodeUrlFilter@58636b50, org.springframework.security.web.context.request.async.WebAsyncManagerIntegrationFilter@7f4f1536, org.springframework.security.web.context.SecurityContextHolderFilter@4571cebe, org.springframework.security.web.header.HeaderWriterFilter@727453a3, org.springframework.web.filter.CorsFilter@1ad1b737, org.springframework.security.web.csrf.CsrfFilter@100807ca, org.springframework.security.web.authentication.logout.LogoutFilter@47797401, org.springframework.security.web.authentication.UsernamePasswordAuthenticationFilter@44de8e00, org.springframework.security.web.authentication.ui.DefaultLoginPageGeneratingFilter@55c03e4, org.springframework.security.web.authentication.ui.DefaultLogoutPageGeneratingFilter@342a1f84, org.springframework.security.web.authentication.www.BasicAuthenticationFilter@7d7b4e04, org.springframework.security.web.savedrequest.RequestCacheAwareFilter@11cadb32, org.springframework.security.web.servletapi.SecurityContextHolderAwareRequestFilter@6d3ad37a, org.springframework.security.web.authentication.AnonymousAuthenticationFilter@77d0dbba, org.springframework.security.web.access.ExceptionTranslationFilter@598778cc, org.springframework.security.web.access.intercept.AuthorizationFilter@3e2c4d4b]
2026-04-03T15:59:49.760-04:00  INFO 26919 --- [    Test worker] o.s.b.t.m.w.SpringBootMockServletContext : Initializing Spring TestDispatcherServlet ''
2026-04-03T15:59:49.761-04:00  INFO 26919 --- [    Test worker] o.s.t.web.servlet.TestDispatcherServlet  : Initializing Servlet ''
2026-04-03T15:59:49.765-04:00  INFO 26919 --- [    Test worker] o.s.t.web.servlet.TestDispatcherServlet  : Completed initialization in 2 ms
2026-04-03T15:59:49.819-04:00  INFO 26919 --- [    Test worker] c.g.controller.MemberControllerTest      : Started MemberControllerTest in 4.759 seconds (process running for 7.826)
]]></system-out>
  <system-err><![CDATA[]]></system-err>
</testsuite>
